<?xml version="1.0" encoding="UTF-8"?>
<testng-results skipped="0" failed="0" ignored="0" total="1" passed="1">
  <reporter-output>
  </reporter-output>
  <suite name="Default suite" duration-ms="16788" started-at="2018-03-09T11:23:28Z" finished-at="2018-03-09T11:23:45Z">
    <groups>
    </groups>
    <test name="Default test" duration-ms="16788" started-at="2018-03-09T11:23:28Z" finished-at="2018-03-09T11:23:45Z">
      <class name="flipkart.LoginPageTest">
        <test-method status="PASS" signature="init()[pri:0, instance:flipkart.LoginPageTest@335eadca]" name="init" is-config="true" duration-ms="12943" started-at="2018-03-09T16:53:28Z" finished-at="2018-03-09T16:53:41Z">
          <reporter-output>
          </reporter-output>
        </test-method> <!-- init -->
        <test-method status="PASS" signature="verifyLogin()[pri:0, instance:flipkart.LoginPageTest@335eadca]" name="verifyLogin" duration-ms="1100" started-at="2018-03-09T16:53:41Z" finished-at="2018-03-09T16:53:42Z">
          <reporter-output>
          </reporter-output>
        </test-method> <!-- verifyLogin -->
        <test-method status="PASS" signature="quit()[pri:0, instance:flipkart.LoginPageTest@335eadca]" name="quit" is-config="true" duration-ms="2713" started-at="2018-03-09T16:53:42Z" finished-at="2018-03-09T16:53:45Z">
          <reporter-output>
          </reporter-output>
        </test-method> <!-- quit -->
      </class> <!-- flipkart.LoginPageTest -->
    </test> <!-- Default test -->
  </suite> <!-- Default suite -->
</testng-results>
